0:0:0:0:0:0:0:1 - - [04/Feb/2020:10:42:26 +0530] "GET / HTTP/1.1" 200 1420
0:0:0:0:0:0:0:1 - - [04/Feb/2020:10:42:26 +0530] "GET / HTTP/1.1" 200 1420
0:0:0:0:0:0:0:1 - - [04/Feb/2020:10:42:32 +0530] "GET / HTTP/1.1" 200 1420
0:0:0:0:0:0:0:1 - - [04/Feb/2020:10:42:33 +0530] "GET /favicon.ico HTTP/1.1" 302 -
0:0:0:0:0:0:0:1 - - [04/Feb/2020:10:42:33 +0530] "GET /login HTTP/1.1" 200 1420
0:0:0:0:0:0:0:1 - - [04/Feb/2020:10:42:42 +0530] "POST /login HTTP/1.1" 302 -
0:0:0:0:0:0:0:1 - - [04/Feb/2020:10:42:44 +0530] "GET /home/home HTTP/1.1" 200 152
0:0:0:0:0:0:0:1 - - [04/Feb/2020:10:42:45 +0530] "GET /favicon.ico HTTP/1.1" 404 143
0:0:0:0:0:0:0:1 - - [04/Feb/2020:10:43:07 +0530] "GET / HTTP/1.1" 200 1420
0:0:0:0:0:0:0:1 - - [04/Feb/2020:10:43:11 +0530] "GET /signup HTTP/1.1" 200 4392
0:0:0:0:0:0:0:1 - - [04/Feb/2020:10:43:28 +0530] "POST /signup HTTP/1.1" 200 4482
0:0:0:0:0:0:0:1 - - [04/Feb/2020:10:43:31 +0530] "GET /login HTTP/1.1" 200 1420
0:0:0:0:0:0:0:1 - - [04/Feb/2020:10:43:39 +0530] "POST /login HTTP/1.1" 302 -
0:0:0:0:0:0:0:1 - - [04/Feb/2020:10:43:39 +0530] "GET /home/home HTTP/1.1" 200 152
0:0:0:0:0:0:0:1 - - [04/Feb/2020:10:43:44 +0530] "GET /login HTTP/1.1" 200 1420
0:0:0:0:0:0:0:1 - - [04/Feb/2020:10:43:47 +0530] "GET /signup HTTP/1.1" 200 4392
0:0:0:0:0:0:0:1 - - [04/Feb/2020:10:44:31 +0530] "POST /signup HTTP/1.1" 200 4482
0:0:0:0:0:0:0:1 - - [04/Feb/2020:10:44:36 +0530] "GET /login HTTP/1.1" 200 1420
0:0:0:0:0:0:0:1 - - [04/Feb/2020:10:44:49 +0530] "POST /login HTTP/1.1" 302 -
0:0:0:0:0:0:0:1 - - [04/Feb/2020:10:44:49 +0530] "GET /home/home HTTP/1.1" 200 152
0:0:0:0:0:0:0:1 - - [04/Feb/2020:11:01:45 +0530] "GET / HTTP/1.1" 200 1425
0:0:0:0:0:0:0:1 - - [04/Feb/2020:11:01:48 +0530] "GET /favicon.ico HTTP/1.1" 302 -
0:0:0:0:0:0:0:1 - - [04/Feb/2020:11:01:48 +0530] "GET /login HTTP/1.1" 200 1425
0:0:0:0:0:0:0:1 - - [04/Feb/2020:11:26:37 +0530] "GET / HTTP/1.1" 200 1425
0:0:0:0:0:0:0:1 - - [04/Feb/2020:11:26:41 +0530] "GET /favicon.ico HTTP/1.1" 302 -
0:0:0:0:0:0:0:1 - - [04/Feb/2020:11:26:41 +0530] "GET /login HTTP/1.1" 200 1425
0:0:0:0:0:0:0:1 - - [04/Feb/2020:11:26:44 +0530] "GET /signup.html HTTP/1.1" 302 -
0:0:0:0:0:0:0:1 - - [04/Feb/2020:11:26:45 +0530] "GET /login HTTP/1.1" 200 1425
0:0:0:0:0:0:0:1 - - [04/Feb/2020:11:26:45 +0530] "GET /favicon.ico HTTP/1.1" 302 -
0:0:0:0:0:0:0:1 - - [04/Feb/2020:11:26:45 +0530] "GET /login HTTP/1.1" 200 1425
0:0:0:0:0:0:0:1 - - [04/Feb/2020:11:26:47 +0530] "GET /signup.html HTTP/1.1" 302 -
0:0:0:0:0:0:0:1 - - [04/Feb/2020:11:26:48 +0530] "GET /login HTTP/1.1" 200 1425
0:0:0:0:0:0:0:1 - - [04/Feb/2020:11:26:48 +0530] "GET /favicon.ico HTTP/1.1" 302 -
0:0:0:0:0:0:0:1 - - [04/Feb/2020:11:26:48 +0530] "GET /login HTTP/1.1" 200 1425
0:0:0:0:0:0:0:1 - - [04/Feb/2020:11:26:49 +0530] "GET /signup.html HTTP/1.1" 302 -
0:0:0:0:0:0:0:1 - - [04/Feb/2020:11:26:49 +0530] "GET /login HTTP/1.1" 200 1425
0:0:0:0:0:0:0:1 - - [04/Feb/2020:11:26:50 +0530] "GET /favicon.ico HTTP/1.1" 302 -
0:0:0:0:0:0:0:1 - - [04/Feb/2020:11:26:50 +0530] "GET /login HTTP/1.1" 200 1425
0:0:0:0:0:0:0:1 - - [04/Feb/2020:11:26:51 +0530] "GET /signup.html HTTP/1.1" 302 -
0:0:0:0:0:0:0:1 - - [04/Feb/2020:11:26:51 +0530] "GET /login HTTP/1.1" 200 1425
0:0:0:0:0:0:0:1 - - [04/Feb/2020:11:26:51 +0530] "GET /favicon.ico HTTP/1.1" 302 -
0:0:0:0:0:0:0:1 - - [04/Feb/2020:11:26:51 +0530] "GET /login HTTP/1.1" 200 1425
0:0:0:0:0:0:0:1 - - [04/Feb/2020:11:26:52 +0530] "GET /signup.html HTTP/1.1" 302 -
0:0:0:0:0:0:0:1 - - [04/Feb/2020:11:26:52 +0530] "GET /login HTTP/1.1" 200 1425
0:0:0:0:0:0:0:1 - - [04/Feb/2020:11:26:52 +0530] "GET /signup.html HTTP/1.1" 302 -
0:0:0:0:0:0:0:1 - - [04/Feb/2020:11:26:52 +0530] "GET /login HTTP/1.1" 200 1425
0:0:0:0:0:0:0:1 - - [04/Feb/2020:11:26:53 +0530] "GET /favicon.ico HTTP/1.1" 302 -
0:0:0:0:0:0:0:1 - - [04/Feb/2020:11:26:53 +0530] "GET /login HTTP/1.1" 200 1425
0:0:0:0:0:0:0:1 - - [04/Feb/2020:11:26:54 +0530] "GET /signup.html HTTP/1.1" 302 -
0:0:0:0:0:0:0:1 - - [04/Feb/2020:11:26:54 +0530] "GET /login HTTP/1.1" 200 1425
0:0:0:0:0:0:0:1 - - [04/Feb/2020:11:26:54 +0530] "GET /favicon.ico HTTP/1.1" 302 -
0:0:0:0:0:0:0:1 - - [04/Feb/2020:11:26:54 +0530] "GET /login HTTP/1.1" 200 1425
0:0:0:0:0:0:0:1 - - [04/Feb/2020:11:27:22 +0530] "GET /login HTTP/1.1" 200 1425
0:0:0:0:0:0:0:1 - - [04/Feb/2020:11:27:22 +0530] "GET /favicon.ico HTTP/1.1" 302 -
0:0:0:0:0:0:0:1 - - [04/Feb/2020:11:27:22 +0530] "GET /login HTTP/1.1" 200 1425
0:0:0:0:0:0:0:1 - - [04/Feb/2020:11:27:31 +0530] "POST /login HTTP/1.1" 302 -
0:0:0:0:0:0:0:1 - - [04/Feb/2020:11:27:32 +0530] "GET /signup.html HTTP/1.1" 404 306
0:0:0:0:0:0:0:1 - - [04/Feb/2020:11:27:33 +0530] "GET /favicon.ico HTTP/1.1" 404 143
0:0:0:0:0:0:0:1 - - [04/Feb/2020:11:29:42 +0530] "GET / HTTP/1.1" 200 1420
0:0:0:0:0:0:0:1 - - [04/Feb/2020:11:29:46 +0530] "GET /signup HTTP/1.1" 200 4397
0:0:0:0:0:0:0:1 - - [04/Feb/2020:11:29:53 +0530] "GET /login.html HTTP/1.1" 302 -
0:0:0:0:0:0:0:1 - - [04/Feb/2020:11:29:53 +0530] "GET /login HTTP/1.1" 200 1420
0:0:0:0:0:0:0:1 - - [04/Feb/2020:11:30:01 +0530] "POST /login HTTP/1.1" 302 -
0:0:0:0:0:0:0:1 - - [04/Feb/2020:11:30:02 +0530] "GET /login.html HTTP/1.1" 404 306
0:0:0:0:0:0:0:1 - - [04/Feb/2020:11:31:24 +0530] "GET /login HTTP/1.1" 200 1420
0:0:0:0:0:0:0:1 - - [04/Feb/2020:11:31:36 +0530] "POST /login HTTP/1.1" 302 -
0:0:0:0:0:0:0:1 - - [04/Feb/2020:11:31:36 +0530] "GET /login?error=true HTTP/1.1" 200 1520
0:0:0:0:0:0:0:1 - - [04/Feb/2020:11:31:50 +0530] "POST /login HTTP/1.1" 302 -
0:0:0:0:0:0:0:1 - - [04/Feb/2020:11:31:53 +0530] "GET /home/home HTTP/1.1" 500 410
0:0:0:0:0:0:0:1 - - [04/Feb/2020:13:03:38 +0530] "GET / HTTP/1.1" 200 1420
0:0:0:0:0:0:0:1 - - [04/Feb/2020:13:03:40 +0530] "GET /favicon.ico HTTP/1.1" 302 -
0:0:0:0:0:0:0:1 - - [04/Feb/2020:13:03:40 +0530] "GET /login HTTP/1.1" 200 1420
0:0:0:0:0:0:0:1 - - [04/Feb/2020:13:03:55 +0530] "POST /login HTTP/1.1" 302 -
0:0:0:0:0:0:0:1 - - [04/Feb/2020:13:03:58 +0530] "GET /home/home HTTP/1.1" 200 2154
0:0:0:0:0:0:0:1 - - [04/Feb/2020:13:03:59 +0530] "GET /css/postjob.css HTTP/1.1" 200 1227
0:0:0:0:0:0:0:1 - - [04/Feb/2020:13:04:00 +0530] "GET /favicon.ico HTTP/1.1" 404 126
0:0:0:0:0:0:0:1 - - [04/Feb/2020:13:06:47 +0530] "GET / HTTP/1.1" 200 1420
0:0:0:0:0:0:0:1 - - [04/Feb/2020:13:06:57 +0530] "POST /login HTTP/1.1" 302 -
0:0:0:0:0:0:0:1 - - [04/Feb/2020:13:06:59 +0530] "POST /login HTTP/1.1" 302 -
0:0:0:0:0:0:0:1 - - [04/Feb/2020:13:07:01 +0530] "GET /home/home HTTP/1.1" 200 2154
0:0:0:0:0:0:0:1 - - [04/Feb/2020:13:07:01 +0530] "GET /home/home HTTP/1.1" 200 2154
0:0:0:0:0:0:0:1 - - [04/Feb/2020:13:07:01 +0530] "GET /css/postjob.css HTTP/1.1" 200 1227
0:0:0:0:0:0:0:1 - - [04/Feb/2020:15:10:24 +0530] "GET / HTTP/1.1" 200 1420
0:0:0:0:0:0:0:1 - - [04/Feb/2020:15:10:28 +0530] "GET / HTTP/1.1" 200 1420
0:0:0:0:0:0:0:1 - - [04/Feb/2020:15:10:32 +0530] "GET /favicon.ico HTTP/1.1" 302 -
0:0:0:0:0:0:0:1 - - [04/Feb/2020:15:10:32 +0530] "GET /login HTTP/1.1" 200 1420
0:0:0:0:0:0:0:1 - - [04/Feb/2020:15:10:43 +0530] "POST /login HTTP/1.1" 302 -
0:0:0:0:0:0:0:1 - - [04/Feb/2020:15:10:46 +0530] "GET /home/home HTTP/1.1" 200 2179
0:0:0:0:0:0:0:1 - - [04/Feb/2020:15:10:46 +0530] "GET /css/postjob.css HTTP/1.1" 200 1227
0:0:0:0:0:0:0:1 - - [04/Feb/2020:15:10:48 +0530] "GET /favicon.ico HTTP/1.1" 404 126
0:0:0:0:0:0:0:1 - - [04/Feb/2020:16:28:12 +0530] "GET / HTTP/1.1" 200 1420
0:0:0:0:0:0:0:1 - - [04/Feb/2020:16:28:12 +0530] "GET / HTTP/1.1" 200 1420
0:0:0:0:0:0:0:1 - - [04/Feb/2020:16:28:19 +0530] "GET /favicon.ico HTTP/1.1" 302 -
0:0:0:0:0:0:0:1 - - [04/Feb/2020:16:28:19 +0530] "GET /login HTTP/1.1" 200 1420
0:0:0:0:0:0:0:1 - - [04/Feb/2020:16:28:41 +0530] "POST /login HTTP/1.1" 302 -
0:0:0:0:0:0:0:1 - - [04/Feb/2020:16:28:45 +0530] "GET /home/home HTTP/1.1" 200 2236
0:0:0:0:0:0:0:1 - - [04/Feb/2020:16:28:46 +0530] "GET /css/postjob.css HTTP/1.1" 200 1227
0:0:0:0:0:0:0:1 - - [04/Feb/2020:16:28:49 +0530] "GET /favicon.ico HTTP/1.1" 404 143
0:0:0:0:0:0:0:1 - - [04/Feb/2020:16:29:33 +0530] "POST /jobpost HTTP/1.1" 500 458
0:0:0:0:0:0:0:1 - - [04/Feb/2020:16:39:13 +0530] "GET / HTTP/1.1" 200 1420
0:0:0:0:0:0:0:1 - - [04/Feb/2020:16:39:15 +0530] "GET / HTTP/1.1" 200 1420
0:0:0:0:0:0:0:1 - - [04/Feb/2020:16:39:27 +0530] "POST /login HTTP/1.1" 302 -
0:0:0:0:0:0:0:1 - - [04/Feb/2020:16:39:30 +0530] "GET /home/home HTTP/1.1" 200 2153
0:0:0:0:0:0:0:1 - - [04/Feb/2020:16:39:30 +0530] "GET /css/postjob.css HTTP/1.1" 200 1227
0:0:0:0:0:0:0:1 - - [04/Feb/2020:16:40:00 +0530] "POST /jobpost HTTP/1.1" 500 458
0:0:0:0:0:0:0:1 - - [04/Feb/2020:16:44:17 +0530] "GET / HTTP/1.1" 200 1420
0:0:0:0:0:0:0:1 - - [04/Feb/2020:16:44:17 +0530] "GET / HTTP/1.1" 200 1420
0:0:0:0:0:0:0:1 - - [04/Feb/2020:16:44:28 +0530] "POST /login HTTP/1.1" 302 -
0:0:0:0:0:0:0:1 - - [04/Feb/2020:16:44:31 +0530] "GET /home/home HTTP/1.1" 200 2147
0:0:0:0:0:0:0:1 - - [04/Feb/2020:16:44:31 +0530] "GET /css/postjob.css HTTP/1.1" 200 1227
0:0:0:0:0:0:0:1 - - [04/Feb/2020:16:44:53 +0530] "POST /jobpost HTTP/1.1" 200 153
0:0:0:0:0:0:0:1 - - [04/Feb/2020:16:45:55 +0530] "GET / HTTP/1.1" 200 1420
0:0:0:0:0:0:0:1 - - [04/Feb/2020:16:45:55 +0530] "GET / HTTP/1.1" 200 1420
0:0:0:0:0:0:0:1 - - [04/Feb/2020:16:45:59 +0530] "GET /signup HTTP/1.1" 200 4392
0:0:0:0:0:0:0:1 - - [04/Feb/2020:16:46:03 +0530] "GET /login HTTP/1.1" 200 1420
0:0:0:0:0:0:0:1 - - [04/Feb/2020:16:46:11 +0530] "POST /login HTTP/1.1" 302 -
0:0:0:0:0:0:0:1 - - [04/Feb/2020:16:46:12 +0530] "GET /home/home HTTP/1.1" 200 2147
0:0:0:0:0:0:0:1 - - [04/Feb/2020:16:46:12 +0530] "GET /css/postjob.css HTTP/1.1" 200 1227
0:0:0:0:0:0:0:1 - - [04/Feb/2020:16:46:31 +0530] "POST /jobpost HTTP/1.1" 200 153
0:0:0:0:0:0:0:1 - - [04/Feb/2020:16:47:18 +0530] "GET /home/home HTTP/1.1" 200 2147
0:0:0:0:0:0:0:1 - - [04/Feb/2020:16:47:18 +0530] "GET /css/postjob.css HTTP/1.1" 200 1227
0:0:0:0:0:0:0:1 - - [04/Feb/2020:16:47:21 +0530] "GET /home/login HTTP/1.1" 404 306
